<?xml version="1.0" encoding="UTF-8"?>
<!-- Generated by org.testng.reporters.JUnitReportReporter -->
<testsuite skipped="0" hostname="G1C2ML14316" name="Testcases.FerrariSignupTest" tests="1" failures="0" timestamp="12 Jan 2018 03:12:50 GMT" time="1.336" errors="0">
  <testcase name="login" time="1.336" classname="Testcases.FerrariSignupTest"/>
</testsuite> <!-- Testcases.FerrariSignupTest -->
