<?xml version="1.0" encoding="UTF-8"?>
<!-- Generated by org.testng.reporters.JUnitReportReporter -->
<testsuite skipped="0" hostname="G1C2ML14316" name="TestCases.TestImplement" tests="1" failures="0" timestamp="22 Jan 2018 05:47:35 GMT" time="38.816" errors="0">
  <testcase name="testLogin" time="38.816" classname="TestCases.TestImplement"/>
</testsuite> <!-- TestCases.TestImplement -->
