<?xml version="1.0" encoding="UTF-8"?>
<!-- Generated by org.testng.reporters.JUnitReportReporter -->
<testsuite skipped="0" hostname="G1C2ML14316" name="Testcases.ToolsQaTest" tests="4" failures="0" timestamp="16 Jan 2018 06:54:49 GMT" time="180.597" errors="0">
  <testcase name="clickOnPartialLink" time="18.346" classname="Testcases.ToolsQaTest"/>
  <testcase name="clickOnLink" time="44.238" classname="Testcases.ToolsQaTest"/>
  <testcase name="fillPersonalInfoTest" time="34.369" classname="Testcases.ToolsQaTest"/>
  <testcase name="downLoadFile" time="83.644" classname="Testcases.ToolsQaTest"/>
</testsuite> <!-- Testcases.ToolsQaTest -->
