<?xml version="1.0" encoding="UTF-8"?>
<!-- Generated by org.testng.reporters.JUnitReportReporter -->
<testsuite skipped="0" hostname="G1C2ML14316" name="Scrolling.Horizontal" tests="1" failures="0" timestamp="01 Jan 2018 14:35:23 GMT" time="10.307" errors="0">
  <testcase name="ScrollHorizontally" time="10.307" classname="Scrolling.Horizontal"/>
</testsuite> <!-- Scrolling.Horizontal -->
