<?xml version="1.0" encoding="UTF-8"?>
<!-- Generated by org.testng.reporters.JUnitReportReporter -->
<testsuite skipped="0" hostname="G1C2ML14316" name="Selenium.ActionClass" tests="1" failures="0" timestamp="03 Jan 2018 10:06:10 GMT" time="16.312" errors="0">
  <testcase name="textInCaps" time="16.312" classname="Selenium.ActionClass"/>
</testsuite> <!-- Selenium.ActionClass -->
