<?xml version="1.0" encoding="UTF-8"?>
<!-- Generated by org.testng.reporters.JUnitReportReporter -->
<testsuite skipped="0" hostname="G1C2ML14316" name="Selenium.Example" tests="1" failures="0" timestamp="03 Jan 2018 17:07:53 GMT" time="10.548" errors="0">
  <testcase name="main" time="10.548" classname="Selenium.Example"/>
</testsuite> <!-- Selenium.Example -->
