<?xml version="1.0" encoding="UTF-8"?>
<!-- Generated by org.testng.reporters.JUnitReportReporter -->
<testsuite skipped="0" hostname="G1C2ML14316" name="Selenium.SeleniumStart" tests="3" failures="0" timestamp="16 Dec 2017 19:01:11 GMT" time="19.931" errors="0">
  <testcase name="sampleTest" time="0.019" classname="Selenium.SeleniumStart"/>
  <testcase name="test2" time="19.912" classname="Selenium.SeleniumStart"/>
  <testcase name="test1" time="0.000" classname="Selenium.SeleniumStart"/>
</testsuite> <!-- Selenium.SeleniumStart -->
