<?xml version="1.0" encoding="UTF-8"?>
<!-- Generated by org.testng.reporters.JUnitReportReporter -->
<testsuite skipped="0" hostname="G1C2ML14316" name="Selenium.PeopleHub" tests="1" failures="0" timestamp="17 Dec 2017 19:01:15 GMT" time="19.916" errors="0">
  <testcase name="loadWebBrowser" time="19.916" classname="Selenium.PeopleHub"/>
</testsuite> <!-- Selenium.PeopleHub -->
