<?xml version="1.0" encoding="UTF-8"?>
<!-- Generated by org.testng.reporters.JUnitReportReporter -->
<testsuite skipped="0" hostname="G1C2ML14316" name="Selenium.FlipkartAssignment" tests="1" failures="0" timestamp="20 Dec 2017 13:37:19 GMT" time="73.851" errors="0">
  <testcase name="invokeBrowser" time="73.851" classname="Selenium.FlipkartAssignment"/>
</testsuite> <!-- Selenium.FlipkartAssignment -->
