<?xml version="1.0" encoding="UTF-8"?>
<!-- Generated by org.testng.reporters.JUnitReportReporter -->
<testsuite skipped="0" hostname="G1C2ML14316" name="testCase.SignUpTest" tests="1" failures="0" timestamp="25 Jan 2018 08:57:57 GMT" time="9.598" errors="0">
  <testcase name="signUp" time="9.598" classname="testCase.SignUpTest"/>
</testsuite> <!-- testCase.SignUpTest -->
