<?xml version="1.0" encoding="UTF-8"?>
<!-- Generated by org.testng.reporters.JUnitReportReporter -->
<testsuite skipped="0" hostname="G1C2ML14316" name="com.mindtree.utility.Utility" tests="1" failures="0" timestamp="20 Dec 2017 20:18:48 GMT" time="23.905" errors="0">
  <testcase name="testExecute" time="23.905" classname="com.mindtree.utility.Utility"/>
</testsuite> <!-- com.mindtree.utility.Utility -->
