<?xml version="1.0" encoding="UTF-8"?>
<!-- Generated by org.testng.reporters.JUnitReportReporter -->
<testsuite skipped="0" hostname="G1C2ML14316" name="com.hybridFramework.registration.Registration" tests="1" failures="0" timestamp="18 Jan 2018 12:37:23 GMT" time="27.701" errors="0">
  <testcase name="testLoginToApplication" time="27.701" classname="com.hybridFramework.registration.Registration"/>
</testsuite> <!-- com.hybridFramework.registration.Registration -->
