<?xml version="1.0" encoding="UTF-8"?>
<!-- Generated by org.testng.reporters.JUnitReportReporter -->
<testsuite skipped="0" hostname="G1C2ML14316" name="com.hybridFramework.homepage.TestDataDriverScript" tests="7" failures="0" timestamp="18 Jan 2018 12:02:44 GMT" time="0.057" errors="0">
  <testcase name="testLogin" time="0.008" classname="com.hybridFramework.homepage.TestDataDriverScript"/>
  <testcase name="testLogin" time="0.014" classname="com.hybridFramework.homepage.TestDataDriverScript"/>
  <testcase name="testLogin" time="0.007" classname="com.hybridFramework.homepage.TestDataDriverScript"/>
  <testcase name="testLogin" time="0.008" classname="com.hybridFramework.homepage.TestDataDriverScript"/>
  <testcase name="testLogin" time="0.009" classname="com.hybridFramework.homepage.TestDataDriverScript"/>
  <testcase name="testLogin" time="0.003" classname="com.hybridFramework.homepage.TestDataDriverScript"/>
  <testcase name="testLogin" time="0.008" classname="com.hybridFramework.homepage.TestDataDriverScript"/>
</testsuite> <!-- com.hybridFramework.homepage.TestDataDriverScript -->
