<?xml version="1.0" encoding="UTF-8"?>
<!-- Generated by org.testng.reporters.JUnitReportReporter -->
<testsuite skipped="0" hostname="G1C2ML14316" name="zebraFrame.API.AuthenticationBasics" tests="1" failures="0" timestamp="14 Jan 2018 12:06:33 GMT" time="2.544" errors="0">
  <testcase name="basicAuthentication" time="2.544" classname="zebraFrame.API.AuthenticationBasics"/>
</testsuite> <!-- zebraFrame.API.AuthenticationBasics -->
