<?xml version="1.0" encoding="UTF-8"?>
<!-- Generated by org.testng.reporters.JUnitReportReporter -->
<testsuite skipped="0" hostname="G1C2ML14316" name="hipackage.Rest" tests="4" failures="0" timestamp="29 Jan 2018 04:26:40 GMT" time="7.042" errors="0">
  <testcase name="test_NumberOfCircuits_ShouldBe20_Parameterized" time="0.538" classname="hipackage.Rest"/>
  <testcase name="test_ResponseHeaderData_ShouldBeCorrect" time="0.472" classname="hipackage.Rest"/>
  <testcase name="test_NumberOfCircuitsFor2017Season_ShouldBe20" time="1.436" classname="hipackage.Rest"/>
  <testcase name="test_Md5CheckSumForTest_ShouldBe098f6bcd4621d373cade4e832627b4f6" time="4.596" classname="hipackage.Rest"/>
</testsuite> <!-- hipackage.Rest -->
