<?xml version="1.0" encoding="UTF-8"?>
<!-- Generated by org.testng.reporters.JUnitReportReporter -->
<testsuite skipped="0" hostname="G1C2ML14316" name="zebraFrame.API.GetWeatherDetails" tests="1" failures="0" timestamp="27 Jan 2018 19:39:21 GMT" time="5.765" errors="0">
  <testcase name="getWeather" time="5.765" classname="zebraFrame.API.GetWeatherDetails"/>
</testsuite> <!-- zebraFrame.API.GetWeatherDetails -->
