<?xml version="1.0" encoding="UTF-8"?>
<!-- Generated by org.testng.reporters.JUnitReportReporter -->
<testsuite skipped="0" hostname="G1C2ML14316" name="zebraFrame.API.RegistrationPost" tests="1" failures="0" timestamp="17 Jan 2018 06:04:18 GMT" time="2.597" errors="0">
  <testcase name="postData" time="2.597" classname="zebraFrame.API.RegistrationPost"/>
</testsuite> <!-- zebraFrame.API.RegistrationPost -->
