<?xml version="1.0" encoding="UTF-8"?>
<!-- Generated by org.testng.reporters.JUnitReportReporter -->
<testsuite skipped="0" hostname="G1C2ML14316" name="hipackage.ApiTest" tests="1" failures="0" timestamp="27 Jan 2018 19:59:22 GMT" time="2.946" errors="0">
  <testcase name="getData" time="2.946" classname="hipackage.ApiTest"/>
</testsuite> <!-- hipackage.ApiTest -->
